[2023-07-23 14:37:16,339] {taskinstance.py:851} INFO - Dependencies all met for <TaskInstance: covid19.t_carga_trusted 2023-07-23T14:37:13.881655+00:00 [queued]>
[2023-07-23 14:37:16,347] {taskinstance.py:851} INFO - Dependencies all met for <TaskInstance: covid19.t_carga_trusted 2023-07-23T14:37:13.881655+00:00 [queued]>
[2023-07-23 14:37:16,348] {taskinstance.py:1042} INFO - 
--------------------------------------------------------------------------------
[2023-07-23 14:37:16,348] {taskinstance.py:1043} INFO - Starting attempt 1 of 2
[2023-07-23 14:37:16,348] {taskinstance.py:1044} INFO - 
--------------------------------------------------------------------------------
[2023-07-23 14:37:16,354] {taskinstance.py:1063} INFO - Executing <Task(_PythonDecoratedOperator): t_carga_trusted> on 2023-07-23T14:37:13.881655+00:00
[2023-07-23 14:37:16,356] {standard_task_runner.py:52} INFO - Started process 199 to run task
[2023-07-23 14:37:16,358] {standard_task_runner.py:76} INFO - Running: ['airflow', 'tasks', 'run', 'covid19', 't_carga_trusted', '2023-07-23T14:37:13.881655+00:00', '--job-id', '36', '--pool', 'default_pool', '--raw', '--subdir', 'DAGS_FOLDER/covid19.py', '--cfg-path', '/tmp/tmpijvo7l85', '--error-file', '/tmp/tmp7ikt144r']
[2023-07-23 14:37:16,359] {standard_task_runner.py:77} INFO - Job 36: Subtask t_carga_trusted
[2023-07-23 14:37:16,381] {logging_mixin.py:104} INFO - Running <TaskInstance: covid19.t_carga_trusted 2023-07-23T14:37:13.881655+00:00 [running]> on host cd5740699848
[2023-07-23 14:37:16,404] {taskinstance.py:1257} INFO - Exporting the following env vars:
AIRFLOW_CTX_DAG_OWNER=airflow
AIRFLOW_CTX_DAG_ID=covid19
AIRFLOW_CTX_TASK_ID=t_carga_trusted
AIRFLOW_CTX_EXECUTION_DATE=2023-07-23T14:37:13.881655+00:00
AIRFLOW_CTX_DAG_RUN_ID=manual__2023-07-23T14:37:13.881655+00:00
[2023-07-23 14:37:43,114] {taskinstance.py:1166} INFO - Marking task as SUCCESS. dag_id=covid19, task_id=t_carga_trusted, execution_date=20230723T143713, start_date=20230723T143716, end_date=20230723T143743
[2023-07-23 14:37:43,133] {taskinstance.py:1220} INFO - 1 downstream tasks scheduled from follow-on schedule check
[2023-07-23 14:37:43,155] {local_task_job.py:146} INFO - Task exited with return code 0
