[2023-07-23 14:37:44,164] {taskinstance.py:851} INFO - Dependencies all met for <TaskInstance: covid19.t_carga_refined 2023-07-23T14:37:13.881655+00:00 [queued]>
[2023-07-23 14:37:44,172] {taskinstance.py:851} INFO - Dependencies all met for <TaskInstance: covid19.t_carga_refined 2023-07-23T14:37:13.881655+00:00 [queued]>
[2023-07-23 14:37:44,176] {taskinstance.py:1042} INFO - 
--------------------------------------------------------------------------------
[2023-07-23 14:37:44,177] {taskinstance.py:1043} INFO - Starting attempt 1 of 2
[2023-07-23 14:37:44,178] {taskinstance.py:1044} INFO - 
--------------------------------------------------------------------------------
[2023-07-23 14:37:44,206] {taskinstance.py:1063} INFO - Executing <Task(_PythonDecoratedOperator): t_carga_refined> on 2023-07-23T14:37:13.881655+00:00
[2023-07-23 14:37:44,210] {standard_task_runner.py:52} INFO - Started process 523 to run task
[2023-07-23 14:37:44,212] {standard_task_runner.py:76} INFO - Running: ['airflow', 'tasks', 'run', 'covid19', 't_carga_refined', '2023-07-23T14:37:13.881655+00:00', '--job-id', '37', '--pool', 'default_pool', '--raw', '--subdir', 'DAGS_FOLDER/covid19.py', '--cfg-path', '/tmp/tmpimfz0iyk', '--error-file', '/tmp/tmpix234y_e']
[2023-07-23 14:37:44,218] {standard_task_runner.py:77} INFO - Job 37: Subtask t_carga_refined
[2023-07-23 14:37:44,255] {logging_mixin.py:104} INFO - Running <TaskInstance: covid19.t_carga_refined 2023-07-23T14:37:13.881655+00:00 [running]> on host cd5740699848
[2023-07-23 14:37:44,274] {taskinstance.py:1257} INFO - Exporting the following env vars:
AIRFLOW_CTX_DAG_OWNER=airflow
AIRFLOW_CTX_DAG_ID=covid19
AIRFLOW_CTX_TASK_ID=t_carga_refined
AIRFLOW_CTX_EXECUTION_DATE=2023-07-23T14:37:13.881655+00:00
AIRFLOW_CTX_DAG_RUN_ID=manual__2023-07-23T14:37:13.881655+00:00
[2023-07-23 14:37:54,518] {taskinstance.py:1166} INFO - Marking task as SUCCESS. dag_id=covid19, task_id=t_carga_refined, execution_date=20230723T143713, start_date=20230723T143744, end_date=20230723T143754
[2023-07-23 14:37:54,534] {taskinstance.py:1220} INFO - 0 downstream tasks scheduled from follow-on schedule check
[2023-07-23 14:37:54,555] {local_task_job.py:146} INFO - Task exited with return code 0
