[2023-07-23 14:36:43,752] {scheduler_job.py:182} INFO - Started process (PID=181) to work on /opt/airflow/dags/sample/sample.py
[2023-07-23 14:36:43,754] {scheduler_job.py:629} INFO - Processing file /opt/airflow/dags/sample/sample.py for tasks to queue
[2023-07-23 14:36:43,762] {logging_mixin.py:104} INFO - [2023-07-23 14:36:43,762] {dagbag.py:448} INFO - Filling up the DagBag from /opt/airflow/dags/sample/sample.py
[2023-07-23 14:36:43,808] {scheduler_job.py:639} INFO - DAG(s) dict_keys(['sample-dag']) retrieved from /opt/airflow/dags/sample/sample.py
[2023-07-23 14:36:43,819] {logging_mixin.py:104} INFO - [2023-07-23 14:36:43,819] {dag.py:1818} INFO - Sync 1 DAGs
[2023-07-23 14:36:43,836] {logging_mixin.py:104} INFO - [2023-07-23 14:36:43,836] {dag.py:2273} INFO - Setting next_dagrun for sample-dag to None
[2023-07-23 14:36:43,848] {scheduler_job.py:190} INFO - Processing /opt/airflow/dags/sample/sample.py took 0.096 seconds
[2023-07-23 14:37:13,930] {scheduler_job.py:182} INFO - Started process (PID=188) to work on /opt/airflow/dags/sample/sample.py
[2023-07-23 14:37:13,931] {scheduler_job.py:629} INFO - Processing file /opt/airflow/dags/sample/sample.py for tasks to queue
[2023-07-23 14:37:13,932] {logging_mixin.py:104} INFO - [2023-07-23 14:37:13,931] {dagbag.py:448} INFO - Filling up the DagBag from /opt/airflow/dags/sample/sample.py
[2023-07-23 14:37:13,952] {scheduler_job.py:639} INFO - DAG(s) dict_keys(['sample-dag']) retrieved from /opt/airflow/dags/sample/sample.py
[2023-07-23 14:37:13,961] {logging_mixin.py:104} INFO - [2023-07-23 14:37:13,961] {dag.py:1818} INFO - Sync 1 DAGs
[2023-07-23 14:37:13,969] {logging_mixin.py:104} INFO - [2023-07-23 14:37:13,968] {dag.py:2273} INFO - Setting next_dagrun for sample-dag to None
[2023-07-23 14:37:13,974] {scheduler_job.py:190} INFO - Processing /opt/airflow/dags/sample/sample.py took 0.046 seconds
[2023-07-23 14:37:44,078] {scheduler_job.py:182} INFO - Started process (PID=518) to work on /opt/airflow/dags/sample/sample.py
[2023-07-23 14:37:44,078] {scheduler_job.py:629} INFO - Processing file /opt/airflow/dags/sample/sample.py for tasks to queue
[2023-07-23 14:37:44,079] {logging_mixin.py:104} INFO - [2023-07-23 14:37:44,079] {dagbag.py:448} INFO - Filling up the DagBag from /opt/airflow/dags/sample/sample.py
[2023-07-23 14:37:44,106] {scheduler_job.py:639} INFO - DAG(s) dict_keys(['sample-dag']) retrieved from /opt/airflow/dags/sample/sample.py
[2023-07-23 14:37:44,115] {logging_mixin.py:104} INFO - [2023-07-23 14:37:44,115] {dag.py:1818} INFO - Sync 1 DAGs
[2023-07-23 14:37:44,122] {logging_mixin.py:104} INFO - [2023-07-23 14:37:44,122] {dag.py:2273} INFO - Setting next_dagrun for sample-dag to None
[2023-07-23 14:37:44,127] {scheduler_job.py:190} INFO - Processing /opt/airflow/dags/sample/sample.py took 0.051 seconds
[2023-07-23 14:38:14,323] {scheduler_job.py:182} INFO - Started process (PID=806) to work on /opt/airflow/dags/sample/sample.py
[2023-07-23 14:38:14,328] {scheduler_job.py:629} INFO - Processing file /opt/airflow/dags/sample/sample.py for tasks to queue
[2023-07-23 14:38:14,333] {logging_mixin.py:104} INFO - [2023-07-23 14:38:14,333] {dagbag.py:448} INFO - Filling up the DagBag from /opt/airflow/dags/sample/sample.py
[2023-07-23 14:38:14,482] {scheduler_job.py:639} INFO - DAG(s) dict_keys(['sample-dag']) retrieved from /opt/airflow/dags/sample/sample.py
[2023-07-23 14:38:14,493] {logging_mixin.py:104} INFO - [2023-07-23 14:38:14,493] {dag.py:1818} INFO - Sync 1 DAGs
[2023-07-23 14:38:14,500] {logging_mixin.py:104} INFO - [2023-07-23 14:38:14,500] {dag.py:2273} INFO - Setting next_dagrun for sample-dag to None
[2023-07-23 14:38:14,522] {scheduler_job.py:190} INFO - Processing /opt/airflow/dags/sample/sample.py took 0.200 seconds
[2023-07-23 14:38:44,740] {scheduler_job.py:182} INFO - Started process (PID=816) to work on /opt/airflow/dags/sample/sample.py
[2023-07-23 14:38:44,744] {scheduler_job.py:629} INFO - Processing file /opt/airflow/dags/sample/sample.py for tasks to queue
[2023-07-23 14:38:44,747] {logging_mixin.py:104} INFO - [2023-07-23 14:38:44,747] {dagbag.py:448} INFO - Filling up the DagBag from /opt/airflow/dags/sample/sample.py
[2023-07-23 14:38:44,937] {scheduler_job.py:639} INFO - DAG(s) dict_keys(['sample-dag']) retrieved from /opt/airflow/dags/sample/sample.py
[2023-07-23 14:38:44,960] {logging_mixin.py:104} INFO - [2023-07-23 14:38:44,960] {dag.py:1818} INFO - Sync 1 DAGs
[2023-07-23 14:38:44,968] {logging_mixin.py:104} INFO - [2023-07-23 14:38:44,968] {dag.py:2273} INFO - Setting next_dagrun for sample-dag to None
[2023-07-23 14:38:45,006] {scheduler_job.py:190} INFO - Processing /opt/airflow/dags/sample/sample.py took 0.268 seconds
